Error[105]   /home/sir/MPLABXProjects/logicdesign-assemblylabs/Lab12/GuessingGame.X/guessinggame.asm 3 : Cannot open file (Include File "p16F84A.inc" not found)
Error[113]   /home/sir/MPLABXProjects/logicdesign-assemblylabs/Lab12/GuessingGame.X/guessinggame.asm 5 : Symbol not previously defined (_CP_OFF)
Error[113]   /home/sir/MPLABXProjects/logicdesign-assemblylabs/Lab12/GuessingGame.X/guessinggame.asm 5 : Symbol not previously defined (_WDT_OFF)
Error[113]   /home/sir/MPLABXProjects/logicdesign-assemblylabs/Lab12/GuessingGame.X/guessinggame.asm 5 : Symbol not previously defined (_PWRTE_ON)
Error[113]   /home/sir/MPLABXProjects/logicdesign-assemblylabs/Lab12/GuessingGame.X/guessinggame.asm 5 : Symbol not previously defined (_RC_OSC)
Error[113]   /home/sir/MPLABXProjects/logicdesign-assemblylabs/Lab12/GuessingGame.X/guessinggame.asm 19 : Symbol not previously defined (RA0)
Error[113]   /home/sir/MPLABXProjects/logicdesign-assemblylabs/Lab12/GuessingGame.X/guessinggame.asm 20 : Symbol not previously defined (RA1)
Error[113]   /home/sir/MPLABXProjects/logicdesign-assemblylabs/Lab12/GuessingGame.X/guessinggame.asm 21 : Symbol not previously defined (RA2)
Error[113]   /home/sir/MPLABXProjects/logicdesign-assemblylabs/Lab12/GuessingGame.X/guessinggame.asm 22 : Symbol not previously defined (RA3)
Error[113]   /home/sir/MPLABXProjects/logicdesign-assemblylabs/Lab12/GuessingGame.X/guessinggame.asm 23 : Symbol not previously defined (RB0)
Error[113]   /home/sir/MPLABXProjects/logicdesign-assemblylabs/Lab12/GuessingGame.X/guessinggame.asm 24 : Symbol not previously defined (RB1)
Error[113]   /home/sir/MPLABXProjects/logicdesign-assemblylabs/Lab12/GuessingGame.X/guessinggame.asm 25 : Symbol not previously defined (RB2)
Error[113]   /home/sir/MPLABXProjects/logicdesign-assemblylabs/Lab12/GuessingGame.X/guessinggame.asm 26 : Symbol not previously defined (RB3)
Error[113]   /home/sir/MPLABXProjects/logicdesign-assemblylabs/Lab12/GuessingGame.X/guessinggame.asm 27 : Symbol not previously defined (RB7)
Error[113]   /home/sir/MPLABXProjects/logicdesign-assemblylabs/Lab12/GuessingGame.X/guessinggame.asm 36 : Symbol not previously defined (STATUS)
Error[113]   /home/sir/MPLABXProjects/logicdesign-assemblylabs/Lab12/GuessingGame.X/guessinggame.asm 44 : Symbol not previously defined (STATUS)
Error[113]   /home/sir/MPLABXProjects/logicdesign-assemblylabs/Lab12/GuessingGame.X/guessinggame.asm 53 : Symbol not previously defined (PORTB)
Error[113]   /home/sir/MPLABXProjects/logicdesign-assemblylabs/Lab12/GuessingGame.X/guessinggame.asm 54 : Symbol not previously defined (STATUS)
Error[113]   /home/sir/MPLABXProjects/logicdesign-assemblylabs/Lab12/GuessingGame.X/guessinggame.asm 54 : Symbol not previously defined (RP0)
Error[113]   /home/sir/MPLABXProjects/logicdesign-assemblylabs/Lab12/GuessingGame.X/guessinggame.asm 55 : Symbol not previously defined (TRISB)
Error[113]   /home/sir/MPLABXProjects/logicdesign-assemblylabs/Lab12/GuessingGame.X/guessinggame.asm 56 : Symbol not previously defined (STATUS)
Error[113]   /home/sir/MPLABXProjects/logicdesign-assemblylabs/Lab12/GuessingGame.X/guessinggame.asm 56 : Symbol not previously defined (RP0)
Error[113]   /home/sir/MPLABXProjects/logicdesign-assemblylabs/Lab12/GuessingGame.X/guessinggame.asm 61 : Symbol not previously defined (PORTB)
Error[113]   /home/sir/MPLABXProjects/logicdesign-assemblylabs/Lab12/GuessingGame.X/guessinggame.asm 62 : Symbol not previously defined (PORTB)
Warning[207] /home/sir/MPLABXProjects/logicdesign-assemblylabs/Lab12/GuessingGame.X/guessinggame.asm 63 : Found label after column 1. (delaysec)
Error[113]   /home/sir/MPLABXProjects/logicdesign-assemblylabs/Lab12/GuessingGame.X/guessinggame.asm 66 : Symbol not previously defined (PORTA)
Error[113]   /home/sir/MPLABXProjects/logicdesign-assemblylabs/Lab12/GuessingGame.X/guessinggame.asm 68 : Symbol not previously defined (STATUS)
Error[113]   /home/sir/MPLABXProjects/logicdesign-assemblylabs/Lab12/GuessingGame.X/guessinggame.asm 68 : Symbol not previously defined (Z)
Error[113]   /home/sir/MPLABXProjects/logicdesign-assemblylabs/Lab12/GuessingGame.X/guessinggame.asm 72 : Symbol not previously defined (PORTA)
Error[113]   /home/sir/MPLABXProjects/logicdesign-assemblylabs/Lab12/GuessingGame.X/guessinggame.asm 74 : Symbol not previously defined (STATUS)
Error[113]   /home/sir/MPLABXProjects/logicdesign-assemblylabs/Lab12/GuessingGame.X/guessinggame.asm 74 : Symbol not previously defined (Z)
Error[113]   /home/sir/MPLABXProjects/logicdesign-assemblylabs/Lab12/GuessingGame.X/guessinggame.asm 82 : Symbol not previously defined (PORTB)
Error[113]   /home/sir/MPLABXProjects/logicdesign-assemblylabs/Lab12/GuessingGame.X/guessinggame.asm 83 : Symbol not previously defined (PORTB)
Warning[207] /home/sir/MPLABXProjects/logicdesign-assemblylabs/Lab12/GuessingGame.X/guessinggame.asm 84 : Found label after column 1. (delaysec)
Error[116]   /home/sir/MPLABXProjects/logicdesign-assemblylabs/Lab12/GuessingGame.X/guessinggame.asm 84 : Address label duplicated or different in second pass (delaysec)
Error[113]   /home/sir/MPLABXProjects/logicdesign-assemblylabs/Lab12/GuessingGame.X/guessinggame.asm 87 : Symbol not previously defined (PORTA)
Error[113]   /home/sir/MPLABXProjects/logicdesign-assemblylabs/Lab12/GuessingGame.X/guessinggame.asm 89 : Symbol not previously defined (STATUS)
Error[113]   /home/sir/MPLABXProjects/logicdesign-assemblylabs/Lab12/GuessingGame.X/guessinggame.asm 89 : Symbol not previously defined (Z)
Error[113]   /home/sir/MPLABXProjects/logicdesign-assemblylabs/Lab12/GuessingGame.X/guessinggame.asm 93 : Symbol not previously defined (PORTA)
Error[113]   /home/sir/MPLABXProjects/logicdesign-assemblylabs/Lab12/GuessingGame.X/guessinggame.asm 95 : Symbol not previously defined (STATUS)
Error[113]   /home/sir/MPLABXProjects/logicdesign-assemblylabs/Lab12/GuessingGame.X/guessinggame.asm 95 : Symbol not previously defined (Z)
Error[113]   /home/sir/MPLABXProjects/logicdesign-assemblylabs/Lab12/GuessingGame.X/guessinggame.asm 102 : Symbol not previously defined (PORTB)
Error[113]   /home/sir/MPLABXProjects/logicdesign-assemblylabs/Lab12/GuessingGame.X/guessinggame.asm 103 : Symbol not previously defined (PORTB)
Warning[207] /home/sir/MPLABXProjects/logicdesign-assemblylabs/Lab12/GuessingGame.X/guessinggame.asm 104 : Found label after column 1. (delaysec)
Error[116]   /home/sir/MPLABXProjects/logicdesign-assemblylabs/Lab12/GuessingGame.X/guessinggame.asm 104 : Address label duplicated or different in second pass (delaysec)
Error[113]   /home/sir/MPLABXProjects/logicdesign-assemblylabs/Lab12/GuessingGame.X/guessinggame.asm 107 : Symbol not previously defined (PORTA)
Error[113]   /home/sir/MPLABXProjects/logicdesign-assemblylabs/Lab12/GuessingGame.X/guessinggame.asm 109 : Symbol not previously defined (STATUS)
Error[113]   /home/sir/MPLABXProjects/logicdesign-assemblylabs/Lab12/GuessingGame.X/guessinggame.asm 109 : Symbol not previously defined (Z)
Error[113]   /home/sir/MPLABXProjects/logicdesign-assemblylabs/Lab12/GuessingGame.X/guessinggame.asm 113 : Symbol not previously defined (PORTA)
Error[113]   /home/sir/MPLABXProjects/logicdesign-assemblylabs/Lab12/GuessingGame.X/guessinggame.asm 115 : Symbol not previously defined (STATUS)
Error[113]   /home/sir/MPLABXProjects/logicdesign-assemblylabs/Lab12/GuessingGame.X/guessinggame.asm 115 : Symbol not previously defined (Z)
Error[113]   /home/sir/MPLABXProjects/logicdesign-assemblylabs/Lab12/GuessingGame.X/guessinggame.asm 123 : Symbol not previously defined (PORTB)
Error[113]   /home/sir/MPLABXProjects/logicdesign-assemblylabs/Lab12/GuessingGame.X/guessinggame.asm 124 : Symbol not previously defined (PORTB)
Warning[207] /home/sir/MPLABXProjects/logicdesign-assemblylabs/Lab12/GuessingGame.X/guessinggame.asm 125 : Found label after column 1. (delaysec)
Error[116]   /home/sir/MPLABXProjects/logicdesign-assemblylabs/Lab12/GuessingGame.X/guessinggame.asm 125 : Address label duplicated or different in second pass (delaysec)
Error[113]   /home/sir/MPLABXProjects/logicdesign-assemblylabs/Lab12/GuessingGame.X/guessinggame.asm 128 : Symbol not previously defined (PORTA)
Error[113]   /home/sir/MPLABXProjects/logicdesign-assemblylabs/Lab12/GuessingGame.X/guessinggame.asm 130 : Symbol not previously defined (STATUS)
Error[113]   /home/sir/MPLABXProjects/logicdesign-assemblylabs/Lab12/GuessingGame.X/guessinggame.asm 130 : Symbol not previously defined (Z)
Error[113]   /home/sir/MPLABXProjects/logicdesign-assemblylabs/Lab12/GuessingGame.X/guessinggame.asm 134 : Symbol not previously defined (PORTA)
Error[113]   /home/sir/MPLABXProjects/logicdesign-assemblylabs/Lab12/GuessingGame.X/guessinggame.asm 136 : Symbol not previously defined (STATUS)
Error[113]   /home/sir/MPLABXProjects/logicdesign-assemblylabs/Lab12/GuessingGame.X/guessinggame.asm 136 : Symbol not previously defined (Z)
Error[113]   /home/sir/MPLABXProjects/logicdesign-assemblylabs/Lab12/GuessingGame.X/guessinggame.asm 143 : Symbol not previously defined (PORTB)
Warning[207] /home/sir/MPLABXProjects/logicdesign-assemblylabs/Lab12/GuessingGame.X/guessinggame.asm 144 : Found label after column 1. (delaysec)
Error[116]   /home/sir/MPLABXProjects/logicdesign-assemblylabs/Lab12/GuessingGame.X/guessinggame.asm 144 : Address label duplicated or different in second pass (delaysec)
Error[113]   /home/sir/MPLABXProjects/logicdesign-assemblylabs/Lab12/GuessingGame.X/guessinggame.asm 147 : Symbol not previously defined (PORTA)
Error[113]   /home/sir/MPLABXProjects/logicdesign-assemblylabs/Lab12/GuessingGame.X/guessinggame.asm 149 : Symbol not previously defined (STATUS)
Error[113]   /home/sir/MPLABXProjects/logicdesign-assemblylabs/Lab12/GuessingGame.X/guessinggame.asm 149 : Symbol not previously defined (Z)
Error[113]   /home/sir/MPLABXProjects/logicdesign-assemblylabs/Lab12/GuessingGame.X/guessinggame.asm 157 : Symbol not previously defined (PORTB)
Error[113]   /home/sir/MPLABXProjects/logicdesign-assemblylabs/Lab12/GuessingGame.X/guessinggame.asm 158 : Symbol not previously defined (PORTB)
Warning[207] /home/sir/MPLABXProjects/logicdesign-assemblylabs/Lab12/GuessingGame.X/guessinggame.asm 159 : Found label after column 1. (delaysec)
Error[116]   /home/sir/MPLABXProjects/logicdesign-assemblylabs/Lab12/GuessingGame.X/guessinggame.asm 159 : Address label duplicated or different in second pass (delaysec)
Error[113]   /home/sir/MPLABXProjects/logicdesign-assemblylabs/Lab12/GuessingGame.X/guessinggame.asm 162 : Symbol not previously defined (PORTA)
Error[113]   /home/sir/MPLABXProjects/logicdesign-assemblylabs/Lab12/GuessingGame.X/guessinggame.asm 164 : Symbol not previously defined (STATUS)
Error[113]   /home/sir/MPLABXProjects/logicdesign-assemblylabs/Lab12/GuessingGame.X/guessinggame.asm 164 : Symbol not previously defined (Z)
Error[116]   /home/sir/MPLABXProjects/logicdesign-assemblylabs/Lab12/GuessingGame.X/guessinggame.asm 169 : Address label duplicated or different in second pass (delaysec)
Error[129]   /home/sir/MPLABXProjects/logicdesign-assemblylabs/Lab12/GuessingGame.X/guessinggame.asm 197 : Expected (ENDM)
Error[129]   /home/sir/MPLABXProjects/logicdesign-assemblylabs/Lab12/GuessingGame.X/guessinggame.asm 197 : Expected (END)
